<?xml version="1.0" encoding="UTF-8"?>
<testsuite xmlns:xsi="http://www.w3.org/2001/XMLSchema-instance" xsi:noNamespaceSchemaLocation="https://maven.apache.org/surefire/maven-surefire-plugin/xsd/surefire-test-report-3.0.xsd" version="3.0" name="io.github.gkosharovdev.sagaforge.core.scanner.SagaValidationResultPropertyTest" time="0.067" tests="3" errors="0" skipped="0" failures="0">
  <properties>
[...]
</properties>
  <testcase name="errorsListRejectsClear" classname="io.github.gkosharovdev.sagaforge.core.scanner.SagaValidationResultPropertyTest" time="0.04">
    <system-out><![CDATA[timestamp = 2026-04-05T15:17:52.808737, [Feature_saga-forge-framework, Property_8_SagaValidationResult_immutability] SagaValidationResultPropertyTest:errorsListRejectsClear = 
                              |-----------------------jqwik-----------------------
tries = 100                   | # of calls to property
checks = 100                  | # of not rejected calls
generation = RANDOMIZED       | parameters are randomly generated
after-failure = SAMPLE_FIRST  | try previously failed sample, then previous seed
when-fixed-seed = ALLOW       | fixing the random seed is allowed
edge-cases#mode = MIXIN       | edge cases are mixed in
edge-cases#total = 4          | # of all combined edge cases
edge-cases#tried = 4          | # of edge cases tried in current run
seed = -6996303355216416148   | random seed to reproduce generated values


]]></system-out>
  </testcase>
  <testcase name="errorsListRejectsAdd" classname="io.github.gkosharovdev.sagaforge.core.scanner.SagaValidationResultPropertyTest" time="0.013">
    <system-out><![CDATA[timestamp = 2026-04-05T15:17:52.822418, [Feature_saga-forge-framework, Property_8_SagaValidationResult_immutability] SagaValidationResultPropertyTest:errorsListRejectsAdd = 
                              |-----------------------jqwik-----------------------
tries = 100                   | # of calls to property
checks = 100                  | # of not rejected calls
generation = RANDOMIZED       | parameters are randomly generated
after-failure = SAMPLE_FIRST  | try previously failed sample, then previous seed
when-fixed-seed = ALLOW       | fixing the random seed is allowed
edge-cases#mode = MIXIN       | edge cases are mixed in
edge-cases#total = 4          | # of all combined edge cases
edge-cases#tried = 3          | # of edge cases tried in current run
seed = -4096244064385543018   | random seed to reproduce generated values


]]></system-out>
  </testcase>
  <testcase name="errorsListRejectsRemove" classname="io.github.gkosharovdev.sagaforge.core.scanner.SagaValidationResultPropertyTest" time="0.012">
    <system-out><![CDATA[timestamp = 2026-04-05T15:17:52.834898, [Feature_saga-forge-framework, Property_8_SagaValidationResult_immutability] SagaValidationResultPropertyTest:errorsListRejectsRemove = 
                              |-----------------------jqwik-----------------------
tries = 100                   | # of calls to property
checks = 100                  | # of not rejected calls
generation = RANDOMIZED       | parameters are randomly generated
after-failure = SAMPLE_FIRST  | try previously failed sample, then previous seed
when-fixed-seed = ALLOW       | fixing the random seed is allowed
edge-cases#mode = MIXIN       | edge cases are mixed in
edge-cases#total = 3          | # of all combined edge cases
edge-cases#tried = 3          | # of edge cases tried in current run
seed = 5240909534768890881    | random seed to reproduce generated values


]]></system-out>
  </testcase>
</testsuite>