<?xml version="1.0" encoding="UTF-8"?>
<testsuite xmlns:xsi="http://www.w3.org/2001/XMLSchema-instance" xsi:noNamespaceSchemaLocation="https://maven.apache.org/surefire/maven-surefire-plugin/xsd/surefire-test-report-3.0.xsd" version="3.0" name="io.github.gkosharovdev.sagaforge.core.scanner.ReflectiveAnnotationScannerPropertyTest" time="0.063" tests="7" errors="0" skipped="0" failures="0">
  <properties>
[...]
</properties>
  <testcase name="sagaIdCardinalityEnforcement" classname="io.github.gkosharovdev.sagaforge.core.scanner.ReflectiveAnnotationScannerPropertyTest" time="0.05">
    <system-out><![CDATA[timestamp = 2026-04-05T15:17:52.756233, [Property_1_SagaId_cardinality_enforcement, Feature_saga-forge-framework] ReflectiveAnnotationScannerPropertyTest:sagaIdCardinalityEnforcement = 
                              |-----------------------jqwik-----------------------
tries = 3                     | # of calls to property
checks = 3                    | # of not rejected calls
generation = EXHAUSTIVE       | parameters are exhaustively generated
after-failure = SAMPLE_FIRST  | try previously failed sample, then previous seed
when-fixed-seed = ALLOW       | fixing the random seed is allowed
edge-cases#mode = MIXIN       | edge cases are mixed in
edge-cases#total = 0          | # of all combined edge cases
edge-cases#tried = 0          | # of edge cases tried in current run
seed = -6322932926473286968   | random seed to reproduce generated values


]]></system-out>
  </testcase>
  <testcase name="lifecycleMethodCardinalityEnforcement" classname="io.github.gkosharovdev.sagaforge.core.scanner.ReflectiveAnnotationScannerPropertyTest" time="0.003">
    <system-out><![CDATA[timestamp = 2026-04-05T15:17:52.760016, [Property_2_Lifecycle_method_cardinality_enforcement, Feature_saga-forge-framework] ReflectiveAnnotationScannerPropertyTest:lifecycleMethodCardinalityEnforcement = 
                              |-----------------------jqwik-----------------------
tries = 3                     | # of calls to property
checks = 3                    | # of not rejected calls
generation = EXHAUSTIVE       | parameters are exhaustively generated
after-failure = SAMPLE_FIRST  | try previously failed sample, then previous seed
when-fixed-seed = ALLOW       | fixing the random seed is allowed
edge-cases#mode = MIXIN       | edge cases are mixed in
edge-cases#total = 0          | # of all combined edge cases
edge-cases#tried = 0          | # of edge cases tried in current run
seed = -4118618721902131306   | random seed to reproduce generated values


]]></system-out>
  </testcase>
  <testcase name="validSagaClassesPassValidation" classname="io.github.gkosharovdev.sagaforge.core.scanner.ReflectiveAnnotationScannerPropertyTest" time="0.001">
    <system-out><![CDATA[timestamp = 2026-04-05T15:17:52.761324, [Property_6_Valid_saga_classes_pass_validation, Feature_saga-forge-framework] ReflectiveAnnotationScannerPropertyTest:validSagaClassesPassValidation = 
                              |-----------------------jqwik-----------------------
tries = 1                     | # of calls to property
checks = 1                    | # of not rejected calls
generation = EXHAUSTIVE       | parameters are exhaustively generated
after-failure = SAMPLE_FIRST  | try previously failed sample, then previous seed
when-fixed-seed = ALLOW       | fixing the random seed is allowed
edge-cases#mode = MIXIN       | edge cases are mixed in
edge-cases#total = 0          | # of all combined edge cases
edge-cases#tried = 0          | # of edge cases tried in current run
seed = 3490561104678387423    | random seed to reproduce generated values


]]></system-out>
  </testcase>
  <testcase name="sagaStepParameterValidation" classname="io.github.gkosharovdev.sagaforge.core.scanner.ReflectiveAnnotationScannerPropertyTest" time="0.002">
    <system-out><![CDATA[timestamp = 2026-04-05T15:17:52.763048, [Property_4_SagaStep_parameter_validation, Feature_saga-forge-framework] ReflectiveAnnotationScannerPropertyTest:sagaStepParameterValidation = 
                              |-----------------------jqwik-----------------------
tries = 3                     | # of calls to property
checks = 3                    | # of not rejected calls
generation = EXHAUSTIVE       | parameters are exhaustively generated
after-failure = SAMPLE_FIRST  | try previously failed sample, then previous seed
when-fixed-seed = ALLOW       | fixing the random seed is allowed
edge-cases#mode = MIXIN       | edge cases are mixed in
edge-cases#total = 0          | # of all combined edge cases
edge-cases#tried = 0          | # of edge cases tried in current run
seed = -3766052859042719219   | random seed to reproduce generated values


]]></system-out>
  </testcase>
  <testcase name="lifecycleRequiresSagaStepCoOccurrence" classname="io.github.gkosharovdev.sagaforge.core.scanner.ReflectiveAnnotationScannerPropertyTest" time="0.001">
    <system-out><![CDATA[timestamp = 2026-04-05T15:17:52.764597, [Property_3_Lifecycle_SagaStep_co_occurrence, Feature_saga-forge-framework] ReflectiveAnnotationScannerPropertyTest:lifecycleRequiresSagaStepCoOccurrence = 
                              |-----------------------jqwik-----------------------
tries = 2                     | # of calls to property
checks = 2                    | # of not rejected calls
generation = EXHAUSTIVE       | parameters are exhaustively generated
after-failure = SAMPLE_FIRST  | try previously failed sample, then previous seed
when-fixed-seed = ALLOW       | fixing the random seed is allowed
edge-cases#mode = MIXIN       | edge cases are mixed in
edge-cases#total = 0          | # of all combined edge cases
edge-cases#tried = 0          | # of edge cases tried in current run
seed = 4949999695308665119    | random seed to reproduce generated values


]]></system-out>
  </testcase>
  <testcase name="compensationForStepReferenceValidity" classname="io.github.gkosharovdev.sagaforge.core.scanner.ReflectiveAnnotationScannerPropertyTest" time="0.001">
    <system-out><![CDATA[timestamp = 2026-04-05T15:17:52.765925, [Property_5_SagaCompensation_forStep_reference_validity, Feature_saga-forge-framework] ReflectiveAnnotationScannerPropertyTest:compensationForStepReferenceValidity = 
                              |-----------------------jqwik-----------------------
tries = 2                     | # of calls to property
checks = 2                    | # of not rejected calls
generation = EXHAUSTIVE       | parameters are exhaustively generated
after-failure = SAMPLE_FIRST  | try previously failed sample, then previous seed
when-fixed-seed = ALLOW       | fixing the random seed is allowed
edge-cases#mode = MIXIN       | edge cases are mixed in
edge-cases#total = 0          | # of all combined edge cases
edge-cases#tried = 0          | # of edge cases tried in current run
seed = 8970388306347149247    | random seed to reproduce generated values


]]></system-out>
  </testcase>
  <testcase name="nonConcreteSagaClassesRejected" classname="io.github.gkosharovdev.sagaforge.core.scanner.ReflectiveAnnotationScannerPropertyTest" time="0.001">
    <system-out><![CDATA[timestamp = 2026-04-05T15:17:52.767106, [Property_7_Non_concrete_saga_classes_rejected, Feature_saga-forge-framework] ReflectiveAnnotationScannerPropertyTest:nonConcreteSagaClassesRejected = 
                              |-----------------------jqwik-----------------------
tries = 2                     | # of calls to property
checks = 2                    | # of not rejected calls
generation = EXHAUSTIVE       | parameters are exhaustively generated
after-failure = SAMPLE_FIRST  | try previously failed sample, then previous seed
when-fixed-seed = ALLOW       | fixing the random seed is allowed
edge-cases#mode = MIXIN       | edge cases are mixed in
edge-cases#total = 0          | # of all combined edge cases
edge-cases#tried = 0          | # of edge cases tried in current run
seed = 9019947664914760998    | random seed to reproduce generated values


]]></system-out>
  </testcase>
</testsuite>